<?xml version="1.0" encoding="UTF-8"?>
<testsuite xmlns:xsi="http://www.w3.org/2001/XMLSchema-instance" xsi:noNamespaceSchemaLocation="https://maven.apache.org/surefire/maven-surefire-plugin/xsd/surefire-test-report-3.0.xsd" version="3.0" name="com.fabian.photos.PhotoRunner" time="6.825" tests="3" errors="0" skipped="0" failures="0">
  <properties>
[...]
</properties>
  <testcase name="[1:6] Search a photo" classname="com/fabian/photos/search_photo" time="3.778">
    <system-out><![CDATA[09:23:21.018 [main] DEBUG com.intuit.karate.Suite - [config] classpath:karate-config.js
09:23:21.942 [main] INFO  com.intuit.karate - karate.env system property was: null 
09:23:22.249 [main] DEBUG com.intuit.karate - request:
1 > POST https://jsonplaceholder.typicode.com/photos
1 > Content-Type: application/json; charset=UTF-8
1 > Content-Length: 185
1 > Host: jsonplaceholder.typicode.com
1 > Connection: Keep-Alive
1 > User-Agent: Apache-HttpClient/4.5.14 (Java/17.0.10)
1 > Accept-Encoding: gzip,deflate
{"albumId":1,"title":"accusamus beatae ad facilis cum similique qui sunt","url":"https:\/\/via.placeholder.com\/600\/92c952","thumbnailUrl":"https:\/\/via.placeholder.com\/150\/92c952"}

09:23:24.823 [main] DEBUG com.intuit.karate - response time in milliseconds: 2571
1 < 201
1 < Date: Sat, 23 Nov 2024 14:23:25 GMT
1 < Content-Type: application/json; charset=utf-8
1 < Content-Length: 208
1 < Connection: keep-alive
1 < Report-To: {"group":"heroku-nel","max_age":3600,"endpoints":[{"url":"https://nel.heroku.com/reports?ts=1732371805&sid=e11707d5-02a7-43ef-b45e-2cf4d2036f7d&s=r5oPjeYv10uJGem5epfwIGITocv9S22abg6Q3efxJrI%3D"}]}
1 < Reporting-Endpoints: heroku-nel=https://nel.heroku.com/reports?ts=1732371805&sid=e11707d5-02a7-43ef-b45e-2cf4d2036f7d&s=r5oPjeYv10uJGem5epfwIGITocv9S22abg6Q3efxJrI%3D
1 < Nel: {"report_to":"heroku-nel","max_age":3600,"success_fraction":0.005,"failure_fraction":0.05,"response_headers":["Via"]}
1 < X-Powered-By: Express
1 < X-Ratelimit-Limit: 1000
1 < X-Ratelimit-Remaining: 999
1 < X-Ratelimit-Reset: 1732371840
1 < Vary: Origin, X-HTTP-Method-Override, Accept-Encoding
1 < Access-Control-Allow-Credentials: true
1 < Cache-Control: no-cache
1 < Pragma: no-cache
1 < Expires: -1
1 < Access-Control-Expose-Headers: Location
1 < Location: https://jsonplaceholder.typicode.com/photos/5001
1 < X-Content-Type-Options: nosniff
1 < Etag: W/"d0-zLzBXAMIE3y+QpJ9t1eSmfc02RE"
1 < Via: 1.1 vegur
1 < cf-cache-status: DYNAMIC
1 < Server: cloudflare
1 < CF-RAY: 8e71d1275efc74a8-MIA
1 < alt-svc: h3=":443"; ma=86400
1 < server-timing: cfL4;desc="?proto=TCP&rtt=72041&sent=7&recv=7&lost=0&retrans=0&sent_bytes=3116&recv_bytes=1045&delivery_rate=61916&cwnd=49&unsent_bytes=0&cid=ef360da5fac1c910&ts=222&x=0"
{
  "albumId": 1,
  "title": "accusamus beatae ad facilis cum similique qui sunt",
  "url": "https://via.placeholder.com/600/92c952",
  "thumbnailUrl": "https://via.placeholder.com/150/92c952",
  "id": 5001
}

]]></system-out>
  </testcase>
  <testcase name="[2:26] Get an existing photo" classname="com/fabian/photos/search_photo" time="1.358">
    <system-out><![CDATA[09:23:24.835 [main] INFO  com.intuit.karate - karate.env system property was: null 
09:23:24.837 [main] DEBUG com.intuit.karate - request:
1 > GET https://jsonplaceholder.typicode.com/photos/1
1 > Host: jsonplaceholder.typicode.com
1 > Connection: Keep-Alive
1 > User-Agent: Apache-HttpClient/4.5.14 (Java/17.0.10)
1 > Accept-Encoding: gzip,deflate


09:23:26.172 [main] DEBUG com.intuit.karate - response time in milliseconds: 1334
1 < 200
1 < Date: Sat, 23 Nov 2024 14:23:26 GMT
1 < Content-Type: application/json; charset=utf-8
1 < Transfer-Encoding: chunked
1 < Connection: keep-alive
1 < Report-To: {"group":"heroku-nel","max_age":3600,"endpoints":[{"url":"https://nel.heroku.com/reports?ts=1732370951&sid=e11707d5-02a7-43ef-b45e-2cf4d2036f7d&s=riWTvlIDeF6vO08At6FCZ1AvvJn912p0wQ1G1x0YxjU%3D"}]}
1 < Reporting-Endpoints: heroku-nel=https://nel.heroku.com/reports?ts=1732370951&sid=e11707d5-02a7-43ef-b45e-2cf4d2036f7d&s=riWTvlIDeF6vO08At6FCZ1AvvJn912p0wQ1G1x0YxjU%3D
1 < Nel: {"report_to":"heroku-nel","max_age":3600,"success_fraction":0.005,"failure_fraction":0.05,"response_headers":["Via"]}
1 < X-Powered-By: Express
1 < X-Ratelimit-Limit: 1000
1 < X-Ratelimit-Remaining: 998
1 < X-Ratelimit-Reset: 1732371000
1 < Vary: Origin, Accept-Encoding
1 < Access-Control-Allow-Credentials: true
1 < Cache-Control: max-age=43200
1 < Pragma: no-cache
1 < Expires: -1
1 < X-Content-Type-Options: nosniff
1 < Etag: W/"cd-fwYyS5EukQMGcHFgOIIc7Xfm1fw"
1 < Via: 1.1 vegur
1 < Age: 855
1 < cf-cache-status: HIT
1 < Server: cloudflare
1 < CF-RAY: 8e71d1306a74ed33-MIA
1 < alt-svc: h3=":443"; ma=86400
1 < server-timing: cfL4;desc="?proto=TCP&rtt=76122&sent=10&recv=10&lost=0&retrans=3&sent_bytes=876&recv_bytes=1240&delivery_rate=2476&cwnd=132&unsent_bytes=0&cid=b9f10376b6363098&ts=1193&x=0"
{
  "albumId": 1,
  "id": 1,
  "title": "accusamus beatae ad facilis cum similique qui sunt",
  "url": "https://via.placeholder.com/600/92c952",
  "thumbnailUrl": "https://via.placeholder.com/150/92c952"
}

]]></system-out>
  </testcase>
  <testcase name="[3:35] Validate response structure" classname="com/fabian/photos/search_photo" time="0.983">
    <system-out><![CDATA[09:23:26.195 [main] INFO  com.intuit.karate - karate.env system property was: null 
09:23:26.199 [main] DEBUG com.intuit.karate - request:
1 > POST https://jsonplaceholder.typicode.com/photos
1 > Content-Type: application/json; charset=UTF-8
1 > Content-Length: 185
1 > Host: jsonplaceholder.typicode.com
1 > Connection: Keep-Alive
1 > User-Agent: Apache-HttpClient/4.5.14 (Java/17.0.10)
1 > Accept-Encoding: gzip,deflate
{"albumId":1,"title":"accusamus beatae ad facilis cum similique qui sunt","url":"https:\/\/via.placeholder.com\/600\/92c952","thumbnailUrl":"https:\/\/via.placeholder.com\/150\/92c952"}

09:23:26.449 [main] DEBUG com.intuit.karate - response time in milliseconds: 250
1 < 201
1 < Date: Sat, 23 Nov 2024 14:23:27 GMT
1 < Content-Type: application/json; charset=utf-8
1 < Content-Length: 208
1 < Connection: keep-alive
1 < Report-To: {"group":"heroku-nel","max_age":3600,"endpoints":[{"url":"https://nel.heroku.com/reports?ts=1732371807&sid=e11707d5-02a7-43ef-b45e-2cf4d2036f7d&s=kA%2BZWVzAOxouYU1qM2ok21Eon71AyvfmqrydZvBxllo%3D"}]}
1 < Reporting-Endpoints: heroku-nel=https://nel.heroku.com/reports?ts=1732371807&sid=e11707d5-02a7-43ef-b45e-2cf4d2036f7d&s=kA%2BZWVzAOxouYU1qM2ok21Eon71AyvfmqrydZvBxllo%3D
1 < Nel: {"report_to":"heroku-nel","max_age":3600,"success_fraction":0.005,"failure_fraction":0.05,"response_headers":["Via"]}
1 < X-Powered-By: Express
1 < X-Ratelimit-Limit: 1000
1 < X-Ratelimit-Remaining: 998
1 < X-Ratelimit-Reset: 1732371840
1 < Vary: Origin, X-HTTP-Method-Override, Accept-Encoding
1 < Access-Control-Allow-Credentials: true
1 < Cache-Control: no-cache
1 < Pragma: no-cache
1 < Expires: -1
1 < Access-Control-Expose-Headers: Location
1 < Location: https://jsonplaceholder.typicode.com/photos/5001
1 < X-Content-Type-Options: nosniff
1 < Etag: W/"d0-zLzBXAMIE3y+QpJ9t1eSmfc02RE"
1 < Via: 1.1 vegur
1 < cf-cache-status: DYNAMIC
1 < Server: cloudflare
1 < CF-RAY: 8e71d131af876dd1-MIA
1 < alt-svc: h3=":443"; ma=86400
1 < server-timing: cfL4;desc="?proto=TCP&rtt=48761&sent=3&recv=6&lost=0&retrans=0&sent_bytes=219&recv_bytes=1492&delivery_rate=28172&cwnd=46&unsent_bytes=0&cid=2892f342a70033c1&ts=152&x=0"
{
  "albumId": 1,
  "title": "accusamus beatae ad facilis cum similique qui sunt",
  "url": "https://via.placeholder.com/600/92c952",
  "thumbnailUrl": "https://via.placeholder.com/150/92c952",
  "id": 5001
}

---------------------------------------------------------
feature: classpath:com/fabian/photos/search_photo.feature
scenarios:  3 | passed:  3 | failed:  0 | time: 4,4590
---------------------------------------------------------

Karate version: 1.5.0
======================================================
elapsed:   6,10 | threads:    1 | thread time: 4,46 
features:     1 | skipped:    0 | efficiency: 0,73
scenarios:    3 | passed:     3 | failed: 0
======================================================

HTML report: (paste into browser to view) | Karate version: 1.5.0
file:///C:/Users/fabian/Desktop/Analista%20de%20pruebas/Karate/myproject-karate/target/karate-reports/karate-summary.html
===================================================================

]]></system-out>
  </testcase>
</testsuite>